<?xml version="1.0" encoding="UTF-8"?>
<testsuite xmlns:xsi="http://www.w3.org/2001/XMLSchema-instance" xsi:noNamespaceSchemaLocation="https://maven.apache.org/surefire/maven-surefire-plugin/xsd/surefire-test-report.xsd" version="3.0.2" name="TestSuite" time="27.215" tests="2" errors="0" skipped="0" failures="0">
  <properties>
[...]
</properties>
  <testcase name="validatehelpPageTitle" classname="in.redbus.testClasses.HelpsPageTest" time="6.102">
    <system-out><![CDATA[04-08-2025 12:30:55 BaseTest.java INFO  [main] base.BaseTest 50 - Extent Report is initiated
04-08-2025 12:30:59 BaseTest.java INFO  [main] base.BaseTest 98 - Chrome Browser is initiated
04-08-2025 12:31:02 BaseTest.java INFO  [main] base.BaseTest 121 - Navigated to URLhttps://www.redbus.in/
04-08-2025 12:31:02 BaseTest.java INFO  [main] base.BaseTest 58 - Browser is initiated
04-08-2025 12:31:03 ElementEnteractions.java INFO  [main] base.BaseTest 17 - Clicked on element
04-08-2025 12:31:03 HomePagePO.java INFO  [main] base.BaseTest 57 - Clicked on Helps
04-08-2025 12:31:08 HelpsPagePO.java INFO  [main] base.BaseTest 22 - Helps page is validated successfully
validatehelpPageTitle is passed
]]></system-out>
    <system-err><![CDATA[SLF4J: Failed to load class "org.slf4j.impl.StaticLoggerBinder".
SLF4J: Defaulting to no-operation (NOP) logger implementation
SLF4J: See http://www.slf4j.org/codes.html#StaticLoggerBinder for further details.
Apr 08, 2025 12:30:59 P.M. org.openqa.selenium.devtools.CdpVersionFinder findNearestMatch
WARNING: Unable to find CDP implementation matching 135
Apr 08, 2025 12:30:59 P.M. org.openqa.selenium.chromium.ChromiumDriver lambda$new$5
WARNING: Unable to find version of CDP to use for 135.0.7049.42. You may need to include a dependency on a specific version of the CDP using something similar to `org.seleniumhq.selenium:selenium-devtools-v86:4.19.1` where the version ("v86") matches the version of the chromium-based browser you're using and the version number of the artifact is the same as Selenium's.
]]></system-err>
  </testcase>
  <testcase name="validateHelpsBoxTitleAndsubtitle" classname="in.redbus.testClasses.HelpsPageTest" time="5.16">
    <system-out><![CDATA[04-08-2025 12:31:08 BaseTest.java INFO  [main] base.BaseTest 63 - Getting Reports
04-08-2025 12:31:09 BaseTest.java INFO  [main] base.BaseTest 78 - Browser is closed
04-08-2025 12:31:11 BaseTest.java INFO  [main] base.BaseTest 98 - Chrome Browser is initiated
04-08-2025 12:31:13 BaseTest.java INFO  [main] base.BaseTest 121 - Navigated to URLhttps://www.redbus.in/
04-08-2025 12:31:13 BaseTest.java INFO  [main] base.BaseTest 58 - Browser is initiated
04-08-2025 12:31:14 ElementEnteractions.java INFO  [main] base.BaseTest 17 - Clicked on element
04-08-2025 12:31:14 HomePagePO.java INFO  [main] base.BaseTest 57 - Clicked on Helps
04-08-2025 12:31:19 HelpsPagePO.java INFO  [main] base.BaseTest 15 - Title is validated successfully
04-08-2025 12:31:19 HelpsPagePO.java INFO  [main] base.BaseTest 17 - SubTitle is validated successfully
validateHelpsBoxTitleAndsubtitle is passed
]]></system-out>
    <system-err><![CDATA[Apr 08, 2025 12:31:10 P.M. org.openqa.selenium.devtools.CdpVersionFinder findNearestMatch
WARNING: Unable to find CDP implementation matching 135
Apr 08, 2025 12:31:11 P.M. org.openqa.selenium.chromium.ChromiumDriver lambda$new$5
WARNING: Unable to find version of CDP to use for 135.0.7049.42. You may need to include a dependency on a specific version of the CDP using something similar to `org.seleniumhq.selenium:selenium-devtools-v86:4.19.1` where the version ("v86") matches the version of the chromium-based browser you're using and the version number of the artifact is the same as Selenium's.
]]></system-err>
  </testcase>
</testsuite>